Generated at 2015-04-16 18:59:17 +0000
Chef::Exceptions::InsufficientPermissions: directory[/etc/apt/apt.conf.d] (apt::default line 53) had an error: Chef::Exceptions::InsufficientPermissions: Cannot create directory[/etc/apt/apt.conf.d] at /etc/apt/apt.conf.d due to insufficient permissions
/opt/chef/embedded/apps/chef/lib/chef/mixin/why_run.rb:241:in `run'
/opt/chef/embedded/apps/chef/lib/chef/mixin/why_run.rb:322:in `block in run'
/opt/chef/embedded/apps/chef/lib/chef/mixin/why_run.rb:321:in `each'
/opt/chef/embedded/apps/chef/lib/chef/mixin/why_run.rb:321:in `run'
/opt/chef/embedded/apps/chef/lib/chef/provider.rb:159:in `process_resource_requirements'
/opt/chef/embedded/apps/chef/lib/chef/provider.rb:135:in `run_action'
/opt/chef/embedded/apps/chef/lib/chef/resource.rb:561:in `run_action'
/opt/chef/embedded/apps/chef/lib/chef/runner.rb:49:in `run_action'
/opt/chef/embedded/apps/chef/lib/chef/runner.rb:81:in `block (2 levels) in converge'
/opt/chef/embedded/apps/chef/lib/chef/runner.rb:81:in `each'
/opt/chef/embedded/apps/chef/lib/chef/runner.rb:81:in `block in converge'
/opt/chef/embedded/apps/chef/lib/chef/resource_collection/resource_list.rb:83:in `block in execute_each_resource'
/opt/chef/embedded/apps/chef/lib/chef/resource_collection/stepable_iterator.rb:116:in `call'
/opt/chef/embedded/apps/chef/lib/chef/resource_collection/stepable_iterator.rb:116:in `call_iterator_block'
/opt/chef/embedded/apps/chef/lib/chef/resource_collection/stepable_iterator.rb:85:in `step'
/opt/chef/embedded/apps/chef/lib/chef/resource_collection/stepable_iterator.rb:104:in `iterate'
/opt/chef/embedded/apps/chef/lib/chef/resource_collection/stepable_iterator.rb:55:in `each_with_index'
/opt/chef/embedded/apps/chef/lib/chef/resource_collection/resource_list.rb:81:in `execute_each_resource'
/opt/chef/embedded/apps/chef/lib/chef/runner.rb:80:in `converge'
/opt/chef/embedded/apps/chef/lib/chef/client.rb:331:in `block in converge'
/opt/chef/embedded/apps/chef/lib/chef/client.rb:326:in `catch'
/opt/chef/embedded/apps/chef/lib/chef/client.rb:326:in `converge'
/opt/chef/embedded/apps/chef/lib/chef/client.rb:345:in `converge_and_save'
/opt/chef/embedded/apps/chef/lib/chef/client.rb:449:in `run'
/opt/chef/embedded/apps/chef/lib/chef/application.rb:271:in `block in fork_chef_client'
/opt/chef/embedded/apps/chef/lib/chef/application.rb:259:in `fork'
/opt/chef/embedded/apps/chef/lib/chef/application.rb:259:in `fork_chef_client'
/opt/chef/embedded/apps/chef/lib/chef/application.rb:225:in `block in run_chef_client'
/opt/chef/embedded/apps/chef/lib/chef/local_mode.rb:38:in `with_server_connectivity'
/opt/chef/embedded/apps/chef/lib/chef/application.rb:213:in `run_chef_client'
/opt/chef/embedded/apps/chef/lib/chef/application/solo.rb:275:in `block in interval_run_chef_client'
/opt/chef/embedded/apps/chef/lib/chef/application/solo.rb:264:in `loop'
/opt/chef/embedded/apps/chef/lib/chef/application/solo.rb:264:in `interval_run_chef_client'
/opt/chef/embedded/apps/chef/lib/chef/application/solo.rb:242:in `run_application'
/opt/chef/embedded/apps/chef/lib/chef/application.rb:60:in `run'
/opt/chef/embedded/apps/chef/bin/chef-solo:25:in `<top (required)>'
/usr/bin/chef-solo:51:in `load'
/usr/bin/chef-solo:51:in `<main>'